<?xml version="1.0" encoding="UTF-8"?>
<!-- Generated by org.testng.reporters.JUnitReportReporter -->
<testsuite hostname="DESKTOP-8G0J9BJ" failures="0" tests="1" name="TestCases.ProductPageTest" time="13.314" errors="0" timestamp="2023-04-15T17:18:30 AWST" skipped="0">
  <testcase classname="TestCases.ProductPageTest" name="checkOutProduct" time="13.314"/>
  <system-out/>
</testsuite> <!-- TestCases.ProductPageTest -->
