<?xml version="1.0" encoding="UTF-8"?>
<!-- Generated by org.testng.reporters.JUnitReportReporter -->
<testsuite hostname="DESKTOP-8G0J9BJ" failures="0" tests="1" name="TestCases.ProductPageTest" time="18.888" errors="0" timestamp="2023-04-15T15:53:16 AWST" skipped="0">
  <testcase classname="TestCases.ProductPageTest" name="checkOutProduct" time="18.888"/>
  <system-out/>
</testsuite> <!-- TestCases.ProductPageTest -->
